<?xml version="1.0" encoding="UTF-8"?>
<testsuite name="AppTest" tests="7" skipped="0" failures="0" errors="0" timestamp="2021-10-18T12:40:57" hostname="MacBook-Pro-de-Anisoara.local" time="0.009">
  <properties/>
  <testcase name="testEstTrie" classname="AppTest" time="0.004"/>
  <testcase name="testMax" classname="AppTest" time="0.0"/>
  <testcase name="testMin" classname="AppTest" time="0.0"/>
  <testcase name="testSize" classname="AppTest" time="0.0"/>
  <testcase name="testValeurs" classname="AppTest" time="0.0"/>
  <testcase name="testContient" classname="AppTest" time="0.001"/>
  <testcase name="testValeur" classname="AppTest" time="0.0"/>
  <system-out><![CDATA[]]></system-out>
  <system-err><![CDATA[]]></system-err>
</testsuite>
