<?xml version="1.0" encoding="UTF-8"?>
<testsuite name="AppTest" tests="1" skipped="0" failures="0" errors="0" timestamp="2021-10-18T12:45:33" hostname="MacBook-Pro-de-Anisoara.local" time="0.006">
  <properties/>
  <testcase name="testSize" classname="AppTest" time="0.006"/>
  <system-out><![CDATA[]]></system-out>
  <system-err><![CDATA[]]></system-err>
</testsuite>
